glass-hud/build/intermediates/manifest_merge_blame_file/debug/processDebugMainManifest/manifest-merger-blame-debug-report.txt
1<?xml version="1.0" encoding="utf-8"?>
2<manifest xmlns:android="http://schemas.android.com/apk/res/android"
3    package="com.m365hud.glass"
4    android:versionCode="1"
5    android:versionName="1.0" >
6
7    <uses-sdk
8        android:minSdkVersion="29"
9        android:targetSdkVersion="35" />
10
11    <!-- BLE Permissions for Central Mode -->
12    <uses-permission android:name="android.permission.BLUETOOTH_SCAN" />
12-->src\main\AndroidManifest.xml:6:5-73
12-->src\main\AndroidManifest.xml:6:22-70
13    <uses-permission android:name="android.permission.BLUETOOTH_CONNECT" />
13-->src\main\AndroidManifest.xml:7:5-76
13-->src\main\AndroidManifest.xml:7:22-73
14
15    <!-- Location for BLE scanning -->
16    <uses-permission android:name="android.permission.ACCESS_FINE_LOCATION" />
16-->src\main\AndroidManifest.xml:10:5-79
16-->src\main\AndroidManifest.xml:10:22-76
17    <uses-permission android:name="android.permission.ACCESS_COARSE_LOCATION" />
17-->src\main\AndroidManifest.xml:11:5-81
17-->src\main\AndroidManifest.xml:11:22-78
18
19    <!-- Keep screen on for HUD -->
20    <uses-permission android:name="android.permission.WAKE_LOCK" />
20-->src\main\AndroidManifest.xml:14:5-68
20-->src\main\AndroidManifest.xml:14:22-65
21
22    <!-- BLE Feature -->
23    <uses-feature
23-->src\main\AndroidManifest.xml:17:5-19:35
24        android:name="android.hardware.bluetooth_le"
24-->src\main\AndroidManifest.xml:18:9-53
25        android:required="true" />
25-->src\main\AndroidManifest.xml:19:9-32
26
27    <permission
27-->[androidx.core:core:1.13.1] AndroidManifest.xml:22:5-24:47
28        android:name="com.m365hud.glass.DYNAMIC_RECEIVER_NOT_EXPORTED_PERMISSION"
28-->[androidx.core:core:1.13.1] AndroidManifest.xml:23:9-81
29        android:protectionLevel="signature" />
29-->[androidx.core:core:1.13.1] AndroidManifest.xml:24:9-44
30
31    <uses-permission android:name="com.m365hud.glass.DYNAMIC_RECEIVER_NOT_EXPORTED_PERMISSION" />
31-->[androidx.core:core:1.13.1] AndroidManifest.xml:26:5-97
31-->[androidx.core:core:1.13.1] AndroidManifest.xml:26:22-94
32
33    <application
33-->src\main\AndroidManifest.xml:21:5-42:19
34        android:allowBackup="true"
34-->src\main\AndroidManifest.xml:22:9-35
35        android:appComponentFactory="androidx.core.app.CoreComponentFactory"
35-->[androidx.core:core:1.13.1] AndroidManifest.xml:28:18-86
36        android:debuggable="true"
37        android:extractNativeLibs="false"
38        android:icon="@mipmap/ic_launcher"
38-->src\main\AndroidManifest.xml:23:9-43
39        android:label="@string/app_name"
39-->src\main\AndroidManifest.xml:24:9-41
40        android:roundIcon="@mipmap/ic_launcher_round"
40-->src\main\AndroidManifest.xml:25:9-54
41        android:supportsRtl="true"
41-->src\main\AndroidManifest.xml:26:9-35
42        android:theme="@style/Theme.GlassHud" >
42-->src\main\AndroidManifest.xml:27:9-46
43        <activity
43-->src\main\AndroidManifest.xml:30:9-40:20
44            android:name="com.m365hud.glass.MainActivity"
44-->src\main\AndroidManifest.xml:31:13-41
45            android:exported="true"
45-->src\main\AndroidManifest.xml:32:13-36
46            android:keepScreenOn="true"
46-->src\main\AndroidManifest.xml:34:13-40
47            android:screenOrientation="landscape"
47-->src\main\AndroidManifest.xml:33:13-50
48            android:theme="@style/Theme.GlassHud" >
48-->src\main\AndroidManifest.xml:35:13-50
49            <intent-filter>
49-->src\main\AndroidManifest.xml:36:13-39:29
50                <action android:name="android.intent.action.MAIN" />
50-->src\main\AndroidManifest.xml:37:17-69
50-->src\main\AndroidManifest.xml:37:25-66
51
52                <category android:name="android.intent.category.LAUNCHER" />
52-->src\main\AndroidManifest.xml:38:17-77
52-->src\main\AndroidManifest.xml:38:27-74
53            </intent-filter>
54        </activity>
55        <activity
55-->[androidx.compose.ui:ui-tooling-android:1.6.8] AndroidManifest.xml:23:9-25:39
56            android:name="androidx.compose.ui.tooling.PreviewActivity"
56-->[androidx.compose.ui:ui-tooling-android:1.6.8] AndroidManifest.xml:24:13-71
57            android:exported="true" />
57-->[androidx.compose.ui:ui-tooling-android:1.6.8] AndroidManifest.xml:25:13-36
58        <activity
58-->[androidx.compose.ui:ui-test-manifest:1.6.8] AndroidManifest.xml:23:9-25:39
59            android:name="androidx.activity.ComponentActivity"
59-->[androidx.compose.ui:ui-test-manifest:1.6.8] AndroidManifest.xml:24:13-63
60            android:exported="true" />
60-->[androidx.compose.ui:ui-test-manifest:1.6.8] AndroidManifest.xml:25:13-36
61
62        <provider
62-->[androidx.emoji2:emoji2:1.3.0] AndroidManifest.xml:24:9-32:20
63            android:name="androidx.startup.InitializationProvider"
63-->[androidx.emoji2:emoji2:1.3.0] AndroidManifest.xml:25:13-67
64            android:authorities="com.m365hud.glass.androidx-startup"
64-->[androidx.emoji2:emoji2:1.3.0] AndroidManifest.xml:26:13-68
65            android:exported="false" >
65-->[androidx.emoji2:emoji2:1.3.0] AndroidManifest.xml:27:13-37
66            <meta-data
66-->[androidx.emoji2:emoji2:1.3.0] AndroidManifest.xml:29:13-31:52
67                android:name="androidx.emoji2.text.EmojiCompatInitializer"
67-->[androidx.emoji2:emoji2:1.3.0] AndroidManifest.xml:30:17-75
68                android:value="androidx.startup" />
68-->[androidx.emoji2:emoji2:1.3.0] AndroidManifest.xml:31:17-49
69            <meta-data
69-->[androidx.lifecycle:lifecycle-process:2.8.3] AndroidManifest.xml:29:13-31:52
70                android:name="androidx.lifecycle.ProcessLifecycleInitializer"
70-->[androidx.lifecycle:lifecycle-process:2.8.3] AndroidManifest.xml:30:17-78
71                android:value="androidx.startup" />
71-->[androidx.lifecycle:lifecycle-process:2.8.3] AndroidManifest.xml:31:17-49
72            <meta-data
72-->[androidx.profileinstaller:profileinstaller:1.3.1] AndroidManifest.xml:29:13-31:52
73                android:name="androidx.profileinstaller.ProfileInstallerInitializer"
73-->[androidx.profileinstaller:profileinstaller:1.3.1] AndroidManifest.xml:30:17-85
74                android:value="androidx.startup" />
74-->[androidx.profileinstaller:profileinstaller:1.3.1] AndroidManifest.xml:31:17-49
75        </provider>
76
77        <receiver
77-->[androidx.profileinstaller:profileinstaller:1.3.1] AndroidManifest.xml:34:9-52:20
78            android:name="androidx.profileinstaller.ProfileInstallReceiver"
78-->[androidx.profileinstaller:profileinstaller:1.3.1] AndroidManifest.xml:35:13-76
79            android:directBootAware="false"
79-->[androidx.profileinstaller:profileinstaller:1.3.1] AndroidManifest.xml:36:13-44
80            android:enabled="true"
80-->[androidx.profileinstaller:profileinstaller:1.3.1] AndroidManifest.xml:37:13-35
81            android:exported="true"
81-->[androidx.profileinstaller:profileinstaller:1.3.1] AndroidManifest.xml:38:13-36
82            android:permission="android.permission.DUMP" >
82-->[androidx.profileinstaller:profileinstaller:1.3.1] AndroidManifest.xml:39:13-57
83            <intent-filter>
83-->[androidx.profileinstaller:profileinstaller:1.3.1] AndroidManifest.xml:40:13-42:29
84                <action android:name="androidx.profileinstaller.action.INSTALL_PROFILE" />
84-->[androidx.profileinstaller:profileinstaller:1.3.1] AndroidManifest.xml:41:17-91
84-->[androidx.profileinstaller:profileinstaller:1.3.1] AndroidManifest.xml:41:25-88
85            </intent-filter>
86            <intent-filter>
86-->[androidx.profileinstaller:profileinstaller:1.3.1] AndroidManifest.xml:43:13-45:29
87                <action android:name="androidx.profileinstaller.action.SKIP_FILE" />
87-->[androidx.profileinstaller:profileinstaller:1.3.1] AndroidManifest.xml:44:17-85
87-->[androidx.profileinstaller:profileinstaller:1.3.1] AndroidManifest.xml:44:25-82
88            </intent-filter>
89            <intent-filter>
89-->[androidx.profileinstaller:profileinstaller:1.3.1] AndroidManifest.xml:46:13-48:29
90                <action android:name="androidx.profileinstaller.action.SAVE_PROFILE" />
90-->[androidx.profileinstaller:profileinstaller:1.3.1] AndroidManifest.xml:47:17-88
90-->[androidx.profileinstaller:profileinstaller:1.3.1] AndroidManifest.xml:47:25-85
91            </intent-filter>
92            <intent-filter>
92-->[androidx.profileinstaller:profileinstaller:1.3.1] AndroidManifest.xml:49:13-51:29
93                <action android:name="androidx.profileinstaller.action.BENCHMARK_OPERATION" />
93-->[androidx.profileinstaller:profileinstaller:1.3.1] AndroidManifest.xml:50:17-95
93-->[androidx.profileinstaller:profileinstaller:1.3.1] AndroidManifest.xml:50:25-92
94            </intent-filter>
95        </receiver>
96    </application>
97
98</manifest>